D:\USERS\YESHEN\WINDOWBOX\BIGLEARN\BIGLEARN\X64\DEBUG\PIECEMEM.OBJ
D:\USERS\YESHEN\WINDOWBOX\BIGLEARN\BIGLEARN\X64\DEBUG\MAIN.OBJ
D:\USERS\YESHEN\WINDOWBOX\BIGLEARN\BIGLEARN\X64\DEBUG\SPARSEMATRIXDATA.OBJ
D:\USERS\YESHEN\WINDOWBOX\BIGLEARN\BIGLEARN\X64\DEBUG\UTIL.OBJ
D:\USERS\YESHEN\WINDOWBOX\BIGLEARN\BIGLEARN\X64\DEBUG\VOCAB.OBJ
D:\USERS\YESHEN\WINDOWBOX\BIGLEARN\BIGLEARN\X64\DEBUG\DENSEMATRIXDATA.OBJ
D:\USERS\YESHEN\WINDOWBOX\BIGLEARN\BIGLEARN\X64\DEBUG\VC110.PDB
D:\USERS\YESHEN\WINDOWBOX\BIGLEARN\X64\DEBUG\BIGLEARN.ILK
D:\USERS\YESHEN\WINDOWBOX\BIGLEARN\X64\DEBUG\BIGLEARN.EXE
D:\USERS\YESHEN\WINDOWBOX\BIGLEARN\X64\DEBUG\BIGLEARN.PDB
D:\users\yeshen\windowbox\biglearn\biglearn\x64\Debug\cudaCompute.cu.cache
D:\users\yeshen\windowbox\biglearn\biglearn\x64\Debug\cudaCompute.cu.obj
D:\users\yeshen\windowbox\biglearn\biglearn\x64\Debug\denseMatrixData.obj
D:\users\yeshen\windowbox\biglearn\biglearn\x64\Debug\main.obj
D:\users\yeshen\windowbox\biglearn\biglearn\x64\Debug\PieceMem.obj
D:\users\yeshen\windowbox\biglearn\biglearn\x64\Debug\sparseMatrixData.obj
D:\users\yeshen\windowbox\biglearn\biglearn\x64\Debug\util.obj
D:\users\yeshen\windowbox\biglearn\biglearn\x64\Debug\vocab.obj
D:\users\yeshen\windowbox\biglearn\biglearn\x64\Debug\cl.command.1.tlog
D:\users\yeshen\windowbox\biglearn\biglearn\x64\Debug\CL.read.1.tlog
D:\users\yeshen\windowbox\biglearn\biglearn\x64\Debug\CL.write.1.tlog
D:\users\yeshen\windowbox\biglearn\biglearn\x64\Debug\link-cvtres.read.1.tlog
D:\users\yeshen\windowbox\biglearn\biglearn\x64\Debug\link-cvtres.write.1.tlog
D:\users\yeshen\windowbox\biglearn\biglearn\x64\Debug\link-rc.read.1.tlog
D:\users\yeshen\windowbox\biglearn\biglearn\x64\Debug\link-rc.write.1.tlog
D:\users\yeshen\windowbox\biglearn\biglearn\x64\Debug\link.45284-cvtres.read.1.tlog
D:\users\yeshen\windowbox\biglearn\biglearn\x64\Debug\link.45284-cvtres.write.1.tlog
D:\users\yeshen\windowbox\biglearn\biglearn\x64\Debug\link.45284-rc.read.1.tlog
D:\users\yeshen\windowbox\biglearn\biglearn\x64\Debug\link.45284-rc.write.1.tlog
D:\users\yeshen\windowbox\biglearn\biglearn\x64\Debug\link.45284.read.1.tlog
D:\users\yeshen\windowbox\biglearn\biglearn\x64\Debug\link.45284.write.1.tlog
D:\users\yeshen\windowbox\biglearn\biglearn\x64\Debug\link.47028-cvtres.read.1.tlog
D:\users\yeshen\windowbox\biglearn\biglearn\x64\Debug\link.47028-cvtres.write.1.tlog
D:\users\yeshen\windowbox\biglearn\biglearn\x64\Debug\link.47028-rc.read.1.tlog
D:\users\yeshen\windowbox\biglearn\biglearn\x64\Debug\link.47028-rc.write.1.tlog
D:\users\yeshen\windowbox\biglearn\biglearn\x64\Debug\link.47028.read.1.tlog
D:\users\yeshen\windowbox\biglearn\biglearn\x64\Debug\link.47028.write.1.tlog
D:\users\yeshen\windowbox\biglearn\biglearn\x64\Debug\link.command.1.tlog
D:\users\yeshen\windowbox\biglearn\biglearn\x64\Debug\link.read.1.tlog
D:\users\yeshen\windowbox\biglearn\biglearn\x64\Debug\link.write.1.tlog
D:\users\yeshen\windowbox\biglearn\biglearn\x64\Debug\vc110.idb
D:\users\yeshen\windowbox\biglearn\biglearn\x64\Debug\vc110.pdb
D:\users\yeshen\windowbox\biglearn\x64\Debug\biglearn.pdb
D:\users\yeshen\windowbox\biglearn\x64\Debug\biglearn.exe
D:\users\yeshen\windowbox\biglearn\x64\Debug\biglearn.ilk
