Build started 6/2/2016 2:24:09 PM.
     1>Project "D:\users\yeshen\windowbox\biglearn\biglearn\biglearn.vcxproj" on node 2 (Rebuild target(s)).
     1>CudaClean:
         cmd.exe /C "C:\Users\yeshen\AppData\Local\Temp\5\tmpa7657a59390744678eab87cf7969aa91.cmd"
         "C:\Program Files\NVIDIA GPU Computing Toolkit\CUDA\v6.5\bin\nvcc.exe" -ccbin "C:\Program Files (x86)\Microsoft Visual Studio 11.0\VC\bin\x86_amd64"  -I"C:\Program Files\NVIDIA GPU Computing Toolkit\CUDA\v6.5\include" -I"C:\Program Files\NVIDIA GPU Computing Toolkit\CUDA\v6.5\include"     --keep-dir x64\Release -maxrregcount=0  --machine 64 --compile      -D_CRT_SECURE_NO_WARNINGS -D_MBCS -Xcompiler "/EHsc /W3 /nologo /O2 /Zi  /MD  " -o x64\Release\cudaCompute.cu.obj "D:\users\yeshen\windowbox\cudaCompute.cu" -clean
         
         D:\users\yeshen\windowbox\biglearn\biglearn>"C:\Program Files\NVIDIA GPU Computing Toolkit\CUDA\v6.5\bin\nvcc.exe" -ccbin "C:\Program Files (x86)\Microsoft Visual Studio 11.0\VC\bin\x86_amd64"  -I"C:\Program Files\NVIDIA GPU Computing Toolkit\CUDA\v6.5\include" -I"C:\Program Files\NVIDIA GPU Computing Toolkit\CUDA\v6.5\include"     --keep-dir x64\Release -maxrregcount=0  --machine 64 --compile      -D_CRT_SECURE_NO_WARNINGS -D_MBCS -Xcompiler "/EHsc /W3 /nologo /O2 /Zi  /MD  " -o x64\Release\cudaCompute.cu.obj "D:\users\yeshen\windowbox\cudaCompute.cu" -clean 
         cudaCompute.cu
       AddCudaCompileDeps:
         C:\Program Files (x86)\Microsoft Visual Studio 11.0\VC\bin\x86_amd64\cl.exe /E /nologo /showIncludes /TP /D__CUDACC__ /D_CRT_SECURE_NO_WARNINGS /D_MBCS /I"C:\Program Files\NVIDIA GPU Computing Toolkit\CUDA\v6.5\include" /I"C:\Program Files\NVIDIA GPU Computing Toolkit\CUDA\v6.5\bin" /I"C:\Program Files\NVIDIA GPU Computing Toolkit\CUDA\v6.5\include" /I. /FIcuda_runtime.h /c D:\users\yeshen\windowbox\cudaCompute.cu 
       CudaBuild:
         Compiling CUDA source file ..\..\cudaCompute.cu...
         cmd.exe /C "C:\Users\yeshen\AppData\Local\Temp\5\tmp9f4ecec83cf84858b37cb964a87d14f5.cmd"
         "C:\Program Files\NVIDIA GPU Computing Toolkit\CUDA\v6.5\bin\nvcc.exe" -gencode=arch=compute_30,code=\"sm_30,compute_30\" --use-local-env --cl-version 2012 -ccbin "C:\Program Files (x86)\Microsoft Visual Studio 11.0\VC\bin\x86_amd64"  -I"C:\Program Files\NVIDIA GPU Computing Toolkit\CUDA\v6.5\include" -I"C:\Program Files\NVIDIA GPU Computing Toolkit\CUDA\v6.5\include"     --keep-dir x64\Release -maxrregcount=0  --machine 64 --compile -cudart static     -D_CRT_SECURE_NO_WARNINGS -D_MBCS -Xcompiler "/EHsc /W3 /nologo /O2 /Zi  /MD  " -o x64\Release\cudaCompute.cu.obj "D:\users\yeshen\windowbox\cudaCompute.cu"
         
         D:\users\yeshen\windowbox\biglearn\biglearn>"C:\Program Files\NVIDIA GPU Computing Toolkit\CUDA\v6.5\bin\nvcc.exe" -gencode=arch=compute_30,code=\"sm_30,compute_30\" --use-local-env --cl-version 2012 -ccbin "C:\Program Files (x86)\Microsoft Visual Studio 11.0\VC\bin\x86_amd64"  -I"C:\Program Files\NVIDIA GPU Computing Toolkit\CUDA\v6.5\include" -I"C:\Program Files\NVIDIA GPU Computing Toolkit\CUDA\v6.5\include"     --keep-dir x64\Release -maxrregcount=0  --machine 64 --compile -cudart static     -D_CRT_SECURE_NO_WARNINGS -D_MBCS -Xcompiler "/EHsc /W3 /nologo /O2 /Zi  /MD  " -o x64\Release\cudaCompute.cu.obj "D:\users\yeshen\windowbox\cudaCompute.cu" 
         cudaCompute.cu
       ClCompile:
         C:\Program Files (x86)\Microsoft Visual Studio 11.0\VC\bin\x86_amd64\CL.exe /c /I"C:\Program Files\NVIDIA GPU Computing Toolkit\CUDA\v6.5\include" /Zi /nologo /W3 /WX- /sdl /O2 /Oi /GL /D _CRT_SECURE_NO_WARNINGS /D _MBCS /Gm- /EHsc /MD /GS /Gy /fp:precise /Zc:wchar_t /Zc:forScope /Fo"x64\Release\\" /Fd"x64\Release\vc110.pdb" /Gd /TP /errorReport:prompt ..\..\PieceMem.cpp ..\..\main.cpp ..\..\sparseMatrixData.cpp ..\..\util.cpp ..\..\vocab.cpp ..\..\denseMatrixData.cpp
         PieceMem.cpp
         main.cpp
     1>..\..\main.cpp(67): warning C4267: 'initializing' : conversion from 'size_t' to 'int', possible loss of data
         sparseMatrixData.cpp
         util.cpp
     1>..\..\util.cpp(34): warning C4244: 'initializing' : conversion from 'double' to 'float', possible loss of data
     1>..\..\util.cpp(55): warning C4267: '=' : conversion from 'size_t' to 'int', possible loss of data
         vocab.cpp
         denseMatrixData.cpp
       Link:
         C:\Program Files (x86)\Microsoft Visual Studio 11.0\VC\bin\x86_amd64\link.exe /ERRORREPORT:PROMPT /OUT:"D:\users\yeshen\windowbox\biglearn\x64\Release\biglearn.exe" /NOLOGO /LIBPATH:"C:\Program Files\NVIDIA GPU Computing Toolkit\CUDA\v6.5\lib\x64" kernel32.lib user32.lib gdi32.lib winspool.lib comdlg32.lib advapi32.lib shell32.lib ole32.lib oleaut32.lib uuid.lib odbc32.lib odbccp32.lib /MANIFEST /MANIFESTUAC:"level='asInvoker' uiAccess='false'" /manifest:embed /DEBUG /PDB:"D:\users\yeshen\windowbox\biglearn\x64\Release\biglearn.pdb" /OPT:REF /OPT:ICF /LTCG /TLBID:1 /DYNAMICBASE /NXCOMPAT /IMPLIB:"D:\users\yeshen\windowbox\biglearn\x64\Release\biglearn.lib" /MACHINE:X64 x64\Release\cudaCompute.cu.obj
         x64\Release\PieceMem.obj
         x64\Release\main.obj
         x64\Release\sparseMatrixData.obj
         x64\Release\util.obj
         x64\Release\vocab.obj
         x64\Release\denseMatrixData.obj
         Generating code
         Finished generating code
         biglearn.vcxproj -> D:\users\yeshen\windowbox\biglearn\x64\Release\biglearn.exe
     1>Done Building Project "D:\users\yeshen\windowbox\biglearn\biglearn\biglearn.vcxproj" (Rebuild target(s)).

Build succeeded.

Time Elapsed 00:00:14.85
