D:\USERS\YESHEN\WINDOWBOX\BIGLEARN\BIGLEARN\X64\RELEASE\DENSEMATRIXDATA.OBJ
D:\USERS\YESHEN\WINDOWBOX\BIGLEARN\BIGLEARN\X64\RELEASE\VOCAB.OBJ
D:\USERS\YESHEN\WINDOWBOX\BIGLEARN\BIGLEARN\X64\RELEASE\UTIL.OBJ
D:\USERS\YESHEN\WINDOWBOX\BIGLEARN\BIGLEARN\X64\RELEASE\SPARSEMATRIXDATA.OBJ
D:\USERS\YESHEN\WINDOWBOX\BIGLEARN\BIGLEARN\X64\RELEASE\MAIN.OBJ
D:\USERS\YESHEN\WINDOWBOX\BIGLEARN\BIGLEARN\X64\RELEASE\PIECEMEM.OBJ
D:\USERS\YESHEN\WINDOWBOX\BIGLEARN\BIGLEARN\X64\RELEASE\VC110.PDB
D:\USERS\YESHEN\WINDOWBOX\BIGLEARN\X64\RELEASE\BIGLEARN.EXE
D:\USERS\YESHEN\WINDOWBOX\BIGLEARN\X64\RELEASE\BIGLEARN.PDB
D:\users\yeshen\windowbox\biglearn\biglearn\x64\Release\cudaCompute.cu.cache
D:\users\yeshen\windowbox\biglearn\biglearn\x64\Release\cudaCompute.cu.obj
D:\users\yeshen\windowbox\biglearn\biglearn\x64\Release\denseMatrixData.obj
D:\users\yeshen\windowbox\biglearn\biglearn\x64\Release\main.obj
D:\users\yeshen\windowbox\biglearn\biglearn\x64\Release\PieceMem.obj
D:\users\yeshen\windowbox\biglearn\biglearn\x64\Release\sparseMatrixData.obj
D:\users\yeshen\windowbox\biglearn\biglearn\x64\Release\util.obj
D:\users\yeshen\windowbox\biglearn\biglearn\x64\Release\vocab.obj
D:\users\yeshen\windowbox\biglearn\biglearn\x64\Release\cl.command.1.tlog
D:\users\yeshen\windowbox\biglearn\biglearn\x64\Release\CL.read.1.tlog
D:\users\yeshen\windowbox\biglearn\biglearn\x64\Release\CL.write.1.tlog
D:\users\yeshen\windowbox\biglearn\biglearn\x64\Release\link-cvtres.read.1.tlog
D:\users\yeshen\windowbox\biglearn\biglearn\x64\Release\link-cvtres.write.1.tlog
D:\users\yeshen\windowbox\biglearn\biglearn\x64\Release\link-rc.read.1.tlog
D:\users\yeshen\windowbox\biglearn\biglearn\x64\Release\link-rc.write.1.tlog
D:\users\yeshen\windowbox\biglearn\biglearn\x64\Release\link.command.1.tlog
D:\users\yeshen\windowbox\biglearn\biglearn\x64\Release\link.read.1.tlog
D:\users\yeshen\windowbox\biglearn\biglearn\x64\Release\link.write.1.tlog
D:\users\yeshen\windowbox\biglearn\biglearn\x64\Release\vc110.pdb
D:\users\yeshen\windowbox\biglearn\x64\Release\biglearn.pdb
D:\users\yeshen\windowbox\biglearn\x64\Release\biglearn.exe
