Build started 6/2/2016 1:50:10 PM.
     1>Project "D:\users\yeshen\windowbox\biglearn\biglearn\biglearn.vcxproj" on node 2 (Rebuild target(s)).
     1>CudaClean:
         cmd.exe /C "C:\Users\yeshen\AppData\Local\Temp\5\tmp153c93abf3aa4b99a7a6991698f91b1f.cmd"
         "C:\Program Files\NVIDIA GPU Computing Toolkit\CUDA\v6.5\bin\nvcc.exe" -ccbin "C:\Program Files (x86)\Microsoft Visual Studio 11.0\VC\bin"  -I"C:\Program Files\NVIDIA GPU Computing Toolkit\CUDA\v6.5\include" -I"C:\Program Files\NVIDIA GPU Computing Toolkit\CUDA\v6.5\include"     --keep-dir Release -maxrregcount=0  --machine 32 --compile      -D_MBCS -Xcompiler "/EHsc /W3 /nologo /O2 /Zi  /MD  " -o Release\cudaCompute.cu.obj "D:\users\yeshen\windowbox\cudaCompute.cu" -clean
         
         D:\users\yeshen\windowbox\biglearn\biglearn>"C:\Program Files\NVIDIA GPU Computing Toolkit\CUDA\v6.5\bin\nvcc.exe" -ccbin "C:\Program Files (x86)\Microsoft Visual Studio 11.0\VC\bin"  -I"C:\Program Files\NVIDIA GPU Computing Toolkit\CUDA\v6.5\include" -I"C:\Program Files\NVIDIA GPU Computing Toolkit\CUDA\v6.5\include"     --keep-dir Release -maxrregcount=0  --machine 32 --compile      -D_MBCS -Xcompiler "/EHsc /W3 /nologo /O2 /Zi  /MD  " -o Release\cudaCompute.cu.obj "D:\users\yeshen\windowbox\cudaCompute.cu" -clean 
         cudaCompute.cu
       AddCudaCompileDeps:
         C:\Program Files (x86)\Microsoft Visual Studio 11.0\VC\bin\cl.exe /E /nologo /showIncludes /TP /D__CUDACC__ /D_MBCS /I"C:\Program Files\NVIDIA GPU Computing Toolkit\CUDA\v6.5\include" /I"C:\Program Files\NVIDIA GPU Computing Toolkit\CUDA\v6.5\bin" /I"C:\Program Files\NVIDIA GPU Computing Toolkit\CUDA\v6.5\include" /I. /FIcuda_runtime.h /c D:\users\yeshen\windowbox\cudaCompute.cu 
       CudaBuild:
         Compiling CUDA source file ..\..\cudaCompute.cu...
         cmd.exe /C "C:\Users\yeshen\AppData\Local\Temp\5\tmp8ecd88f611a8426b81a03e0319f0e802.cmd"
         "C:\Program Files\NVIDIA GPU Computing Toolkit\CUDA\v6.5\bin\nvcc.exe" -gencode=arch=compute_20,code=\"sm_20,compute_20\" --use-local-env --cl-version 2012 -ccbin "C:\Program Files (x86)\Microsoft Visual Studio 11.0\VC\bin"  -I"C:\Program Files\NVIDIA GPU Computing Toolkit\CUDA\v6.5\include" -I"C:\Program Files\NVIDIA GPU Computing Toolkit\CUDA\v6.5\include"     --keep-dir Release -maxrregcount=0  --machine 32 --compile -cudart static     -D_MBCS -Xcompiler "/EHsc /W3 /nologo /O2 /Zi  /MD  " -o Release\cudaCompute.cu.obj "D:\users\yeshen\windowbox\cudaCompute.cu"
         
         D:\users\yeshen\windowbox\biglearn\biglearn>"C:\Program Files\NVIDIA GPU Computing Toolkit\CUDA\v6.5\bin\nvcc.exe" -gencode=arch=compute_20,code=\"sm_20,compute_20\" --use-local-env --cl-version 2012 -ccbin "C:\Program Files (x86)\Microsoft Visual Studio 11.0\VC\bin"  -I"C:\Program Files\NVIDIA GPU Computing Toolkit\CUDA\v6.5\include" -I"C:\Program Files\NVIDIA GPU Computing Toolkit\CUDA\v6.5\include"     --keep-dir Release -maxrregcount=0  --machine 32 --compile -cudart static     -D_MBCS -Xcompiler "/EHsc /W3 /nologo /O2 /Zi  /MD  " -o Release\cudaCompute.cu.obj "D:\users\yeshen\windowbox\cudaCompute.cu" 
         cudaCompute.cu
       ClCompile:
         C:\Program Files (x86)\Microsoft Visual Studio 11.0\VC\bin\CL.exe /c /I"C:\Program Files\NVIDIA GPU Computing Toolkit\CUDA\v6.5\include" /Zi /nologo /W3 /WX- /sdl /O2 /Oi /Oy- /GL /D _MBCS /Gm- /EHsc /MD /GS /Gy /fp:precise /Zc:wchar_t /Zc:forScope /Fo"Release\\" /Fd"Release\vc110.pdb" /Gd /TP /analyze- /errorReport:prompt ..\..\PieceMem.cpp ..\..\main.cpp ..\..\sparseMatrixData.cpp ..\..\util.cpp ..\..\vocab.cpp ..\..\denseMatrixData.cpp
         PieceMem.cpp
         main.cpp
         sparseMatrixData.cpp
         util.cpp
     1>..\..\util.cpp(16): error C4996: 'strncpy': This function or variable may be unsafe. Consider using strncpy_s instead. To disable deprecation, use _CRT_SECURE_NO_WARNINGS. See online help for details.
                 C:\Program Files (x86)\Microsoft Visual Studio 11.0\VC\include\string.h(191) : see declaration of 'strncpy'
     1>..\..\util.cpp(34): warning C4244: 'initializing' : conversion from 'double' to 'float', possible loss of data
         vocab.cpp
         denseMatrixData.cpp
     1>Done Building Project "D:\users\yeshen\windowbox\biglearn\biglearn\biglearn.vcxproj" (Rebuild target(s)) -- FAILED.

Build FAILED.

Time Elapsed 00:00:14.40
